Using pre-set license
Built from '2022.3/release' branch; Version is '2022.3.0f1 (fb119bb0b476) revision 16454043'; Using compiler version '192829333'; Build Type 'Release'
OS: 'Windows 10  (10.0.19045) 64bit Professional' Language: 'en' Physical Memory: 16070 MB
BatchMode: 1, IsHumanControllingUs: 0, StartBugReporterOnCrash: 0, Is64bit: 1, IsPro: 1

COMMAND LINE ARGUMENTS:
C:\Program Files\Unity\Hub\Editor\2022.3.0f1\Editor\Unity.exe
-adb2
-batchMode
-noUpm
-name
AssetImportWorker3
-projectPath
C:/Users/smoha/OneDrive/Desktop/eerls/Unity/Project-Nuallity
-logFile
Logs/AssetImportWorker3.log
-srvPort
62501
Successfully changed project path to: C:/Users/smoha/OneDrive/Desktop/eerls/Unity/Project-Nuallity
C:/Users/smoha/OneDrive/Desktop/eerls/Unity/Project-Nuallity
[UnityMemory] Configuration Parameters - Can be set up in boot.config
    "memorysetup-bucket-allocator-granularity=16"
    "memorysetup-bucket-allocator-bucket-count=8"
    "memorysetup-bucket-allocator-block-size=33554432"
    "memorysetup-bucket-allocator-block-count=8"
    "memorysetup-main-allocator-block-size=16777216"
    "memorysetup-thread-allocator-block-size=16777216"
    "memorysetup-gfx-main-allocator-block-size=16777216"
    "memorysetup-gfx-thread-allocator-block-size=16777216"
    "memorysetup-cache-allocator-block-size=4194304"
    "memorysetup-typetree-allocator-block-size=2097152"
    "memorysetup-profiler-bucket-allocator-granularity=16"
    "memorysetup-profiler-bucket-allocator-bucket-count=8"
    "memorysetup-profiler-bucket-allocator-block-size=33554432"
    "memorysetup-profiler-bucket-allocator-block-count=8"
    "memorysetup-profiler-allocator-block-size=16777216"
    "memorysetup-profiler-editor-allocator-block-size=1048576"
    "memorysetup-temp-allocator-size-main=16777216"
    "memorysetup-job-temp-allocator-block-size=2097152"
    "memorysetup-job-temp-allocator-block-size-background=1048576"
    "memorysetup-job-temp-allocator-reduction-small-platforms=262144"
    "memorysetup-allocator-temp-initial-block-size-main=262144"
    "memorysetup-allocator-temp-initial-block-size-worker=262144"
    "memorysetup-temp-allocator-size-background-worker=32768"
    "memorysetup-temp-allocator-size-job-worker=262144"
    "memorysetup-temp-allocator-size-preload-manager=33554432"
    "memorysetup-temp-allocator-size-nav-mesh-worker=65536"
    "memorysetup-temp-allocator-size-audio-worker=65536"
    "memorysetup-temp-allocator-size-cloud-worker=32768"
    "memorysetup-temp-allocator-size-gi-baking-worker=262144"
    "memorysetup-temp-allocator-size-gfx=262144"
Player connection [14784] Host "[IP] 192.168.220.1 [Port] 0 [Flags] 2 [Guid] 1063238091 [EditorId] 1063238091 [Version] 1048832 [Id] WindowsEditor(7,asad) [Debug] 1 [PackageName] WindowsEditor [ProjectName] Editor" joined multi-casting on [225.0.0.222:54997]...

Player connection [14784] Host "[IP] 192.168.220.1 [Port] 0 [Flags] 2 [Guid] 1063238091 [EditorId] 1063238091 [Version] 1048832 [Id] WindowsEditor(7,asad) [Debug] 1 [PackageName] WindowsEditor [ProjectName] Editor" joined alternative multi-casting on [225.0.0.222:34997]...

Refreshing native plugins compatible for Editor in 22.91 ms, found 3 plugins.
Preloading 0 native plugins for Editor in 0.00 ms.
Initialize engine version: 2022.3.0f1 (fb119bb0b476)
[Subsystems] Discovering subsystems at path C:/Program Files/Unity/Hub/Editor/2022.3.0f1/Editor/Data/Resources/UnitySubsystems
[Subsystems] Discovering subsystems at path C:/Users/smoha/OneDrive/Desktop/eerls/Unity/Project-Nuallity/Assets
GfxDevice: creating device client; threaded=0; jobified=0
Direct3D:
    Version:  Direct3D 11.0 [level 11.1]
    Renderer: Intel(R) HD Graphics 4600 (ID=0x416)
    Vendor:   Intel
    VRAM:     2048 MB
    Driver:   20.19.15.5126
Initialize mono
Mono path[0] = 'C:/Program Files/Unity/Hub/Editor/2022.3.0f1/Editor/Data/Managed'
Mono path[1] = 'C:/Program Files/Unity/Hub/Editor/2022.3.0f1/Editor/Data/MonoBleedingEdge/lib/mono/unityjit-win32'
Mono config path = 'C:/Program Files/Unity/Hub/Editor/2022.3.0f1/Editor/Data/MonoBleedingEdge/etc'
Using monoOptions --debugger-agent=transport=dt_socket,embedding=1,server=y,suspend=n,address=127.0.0.1:56896
Begin MonoManager ReloadAssembly
Registering precompiled unity dll's ...
Register platform support module: C:/Program Files/Unity/Hub/Editor/2022.3.0f1/Editor/Data/PlaybackEngines/WindowsStandaloneSupport/UnityEditor.WindowsStandalone.Extensions.dll
Registered in 0.011777 seconds.
- Loaded All Assemblies, in  0.425 seconds
Native extension for WindowsStandalone target not found
Mono: successfully reloaded assembly
- Finished resetting the current domain, in  0.352 seconds
Domain Reload Profiling: 775ms
	BeginReloadAssembly (108ms)
		ExecutionOrderSort (0ms)
		DisableScriptedObjects (0ms)
		BackupInstance (0ms)
		ReleaseScriptingObjects (0ms)
		CreateAndSetChildDomain (1ms)
	RebuildCommonClasses (44ms)
	RebuildNativeTypeToScriptingClass (13ms)
	initialDomainReloadingComplete (80ms)
	LoadAllAssembliesAndSetupDomain (177ms)
		LoadAssemblies (105ms)
		RebuildTransferFunctionScriptingTraits (0ms)
		AnalyzeDomain (171ms)
			TypeCache.Refresh (170ms)
				TypeCache.ScanAssembly (154ms)
			ScanForSourceGeneratedMonoScriptInfo (0ms)
			ResolveRequiredComponents (1ms)
	FinalizeReload (353ms)
		ReleaseScriptCaches (0ms)
		RebuildScriptCaches (0ms)
		SetupLoadedEditorAssemblies (274ms)
			LogAssemblyErrors (0ms)
			InitializePlatformSupportModulesInManaged (11ms)
			SetLoadedEditorAssemblies (9ms)
			RefreshPlugins (0ms)
			BeforeProcessingInitializeOnLoad (3ms)
			ProcessInitializeOnLoadAttributes (183ms)
			ProcessInitializeOnLoadMethodAttributes (68ms)
			AfterProcessingInitializeOnLoad (0ms)
			EditorAssembliesLoaded (0ms)
		ExecutionOrderSort2 (0ms)
		AwakeInstancesAfterBackupRestoration (0ms)
========================================================================
Worker process is ready to serve import requests
Begin MonoManager ReloadAssembly
Symbol file LoadedFromMemory doesn't match image C:\Users\smoha\OneDrive\Desktop\eerls\Unity\Project-Nuallity\Library\PackageCache\com.unity.visualscripting@1.8.0\Editor\VisualScripting.Core\Dependencies\YamlDotNet\Unity.VisualScripting.YamlDotNet.dll
Symbol file LoadedFromMemory doesn't match image C:\Users\smoha\OneDrive\Desktop\eerls\Unity\Project-Nuallity\Library\PackageCache\com.unity.visualscripting@1.8.0\Editor\VisualScripting.Core\Dependencies\DotNetZip\Unity.VisualScripting.IonicZip.dll
- Loaded All Assemblies, in  0.982 seconds
Refreshing native plugins compatible for Editor in 4.40 ms, found 3 plugins.
Native extension for WindowsStandalone target not found
Mono: successfully reloaded assembly
- Finished resetting the current domain, in  0.640 seconds
Domain Reload Profiling: 1620ms
	BeginReloadAssembly (169ms)
		ExecutionOrderSort (0ms)
		DisableScriptedObjects (7ms)
		BackupInstance (0ms)
		ReleaseScriptingObjects (0ms)
		CreateAndSetChildDomain (26ms)
	RebuildCommonClasses (40ms)
	RebuildNativeTypeToScriptingClass (15ms)
	initialDomainReloadingComplete (52ms)
	LoadAllAssembliesAndSetupDomain (703ms)
		LoadAssemblies (337ms)
		RebuildTransferFunctionScriptingTraits (0ms)
		AnalyzeDomain (449ms)
			TypeCache.Refresh (422ms)
				TypeCache.ScanAssembly (405ms)
			ScanForSourceGeneratedMonoScriptInfo (19ms)
			ResolveRequiredComponents (7ms)
	FinalizeReload (641ms)
		ReleaseScriptCaches (0ms)
		RebuildScriptCaches (0ms)
		SetupLoadedEditorAssemblies (445ms)
			LogAssemblyErrors (0ms)
			InitializePlatformSupportModulesInManaged (8ms)
			SetLoadedEditorAssemblies (5ms)
			RefreshPlugins (0ms)
			BeforeProcessingInitializeOnLoad (76ms)
			ProcessInitializeOnLoadAttributes (322ms)
			ProcessInitializeOnLoadMethodAttributes (26ms)
			AfterProcessingInitializeOnLoad (8ms)
			EditorAssembliesLoaded (0ms)
		ExecutionOrderSort2 (0ms)
		AwakeInstancesAfterBackupRestoration (8ms)
Launched and connected shader compiler UnityShaderCompiler.exe after 0.05 seconds
Refreshing native plugins compatible for Editor in 6.43 ms, found 3 plugins.
Preloading 0 native plugins for Editor in 0.00 ms.
Unloading 3241 Unused Serialized files (Serialized files now loaded: 0)
Unloading 43 unused Assets / (1.3 MB). Loaded Objects now: 3704.
Memory consumption went from 211.6 MB to 210.3 MB.
Total: 7.732700 ms (FindLiveObjects: 0.938100 ms CreateObjectMapping: 0.214800 ms MarkObjects: 5.820700 ms  DeleteObjects: 0.756500 ms)

AssetImportParameters requested are different than current active one (requested -> active):
  custom:container-demuxer-ogg: 62fdf1f143b41e24485cea50d1cbac27 -> 
  custom:video-decoder-ogg-theora: a1e56fd34408186e4bbccfd4996cb3dc -> 
  custom:framework-win-MediaFoundation: 216162199b28c13a410421893ffa2e32 -> 
  custom:container-demuxer-webm: 4f35f7cbe854078d1ac9338744f61a02 -> 
  custom:container-muxer-webm: aa71ff27fc2769a1b78a27578f13a17b -> 
  custom:video-decoder-webm-vp8: 9c59270c3fd7afecdb556c50c9e8de78 -> 
  custom:AudioImporter_EditorPlatform: d09bf68614088b80899f8185d706f6e7 -> 
  custom:video-encoder-webm-vp8: eb34c28f22e8b96e1ab97ce403110664 -> 
  custom:audio-decoder-ogg-vorbis: bf7c407c2cedff20999df2af8eb42d56 -> 
  custom:audio-encoder-webm-vorbis: bf7c407c2cedff20999df2af8eb42d56 -> 
========================================================================
Received Prepare
Begin MonoManager ReloadAssembly
Symbol file LoadedFromMemory doesn't match image C:\Users\smoha\OneDrive\Desktop\eerls\Unity\Project-Nuallity\Library\PackageCache\com.unity.visualscripting@1.8.0\Editor\VisualScripting.Core\Dependencies\YamlDotNet\Unity.VisualScripting.YamlDotNet.dll
Symbol file LoadedFromMemory doesn't match image C:\Users\smoha\OneDrive\Desktop\eerls\Unity\Project-Nuallity\Library\PackageCache\com.unity.visualscripting@1.8.0\Editor\VisualScripting.Core\Dependencies\DotNetZip\Unity.VisualScripting.IonicZip.dll
- Loaded All Assemblies, in  0.920 seconds
Refreshing native plugins compatible for Editor in 6.07 ms, found 3 plugins.
Native extension for WindowsStandalone target not found
Mono: successfully reloaded assembly
- Finished resetting the current domain, in  1.483 seconds
Domain Reload Profiling: 2401ms
	BeginReloadAssembly (170ms)
		ExecutionOrderSort (0ms)
		DisableScriptedObjects (8ms)
		BackupInstance (0ms)
		ReleaseScriptingObjects (0ms)
		CreateAndSetChildDomain (44ms)
	RebuildCommonClasses (43ms)
	RebuildNativeTypeToScriptingClass (14ms)
	initialDomainReloadingComplete (36ms)
	LoadAllAssembliesAndSetupDomain (653ms)
		LoadAssemblies (308ms)
		RebuildTransferFunctionScriptingTraits (0ms)
		AnalyzeDomain (415ms)
			TypeCache.Refresh (395ms)
				TypeCache.ScanAssembly (377ms)
			ScanForSourceGeneratedMonoScriptInfo (0ms)
			ResolveRequiredComponents (20ms)
	FinalizeReload (1484ms)
		ReleaseScriptCaches (0ms)
		RebuildScriptCaches (0ms)
		SetupLoadedEditorAssemblies (598ms)
			LogAssemblyErrors (0ms)
			InitializePlatformSupportModulesInManaged (12ms)
			SetLoadedEditorAssemblies (10ms)
			RefreshPlugins (0ms)
			BeforeProcessingInitializeOnLoad (132ms)
			ProcessInitializeOnLoadAttributes (411ms)
			ProcessInitializeOnLoadMethodAttributes (23ms)
			AfterProcessingInitializeOnLoad (10ms)
			EditorAssembliesLoaded (0ms)
		ExecutionOrderSort2 (0ms)
		AwakeInstancesAfterBackupRestoration (12ms)
Refreshing native plugins compatible for Editor in 7.55 ms, found 3 plugins.
Preloading 0 native plugins for Editor in 0.00 ms.
Unloading 3188 Unused Serialized files (Serialized files now loaded: 0)
Unloading 34 unused Assets / (1.3 MB). Loaded Objects now: 3707.
Memory consumption went from 199.9 MB to 198.6 MB.
Total: 9.604400 ms (FindLiveObjects: 0.745200 ms CreateObjectMapping: 0.396500 ms MarkObjects: 7.995800 ms  DeleteObjects: 0.462600 ms)

Prepare: number of updated asset objects reloaded= 0
AssetImportParameters requested are different than current active one (requested -> active):
  custom:container-demuxer-ogg: 62fdf1f143b41e24485cea50d1cbac27 -> 
  custom:video-decoder-ogg-theora: a1e56fd34408186e4bbccfd4996cb3dc -> 
  custom:framework-win-MediaFoundation: 216162199b28c13a410421893ffa2e32 -> 
  custom:container-demuxer-webm: 4f35f7cbe854078d1ac9338744f61a02 -> 
  custom:container-muxer-webm: aa71ff27fc2769a1b78a27578f13a17b -> 
  custom:video-decoder-webm-vp8: 9c59270c3fd7afecdb556c50c9e8de78 -> 
  custom:AudioImporter_EditorPlatform: d09bf68614088b80899f8185d706f6e7 -> 
  custom:video-encoder-webm-vp8: eb34c28f22e8b96e1ab97ce403110664 -> 
  custom:audio-decoder-ogg-vorbis: bf7c407c2cedff20999df2af8eb42d56 -> 
  custom:audio-encoder-webm-vorbis: bf7c407c2cedff20999df2af8eb42d56 -> 
========================================================================
Received Import Request.
  Time since last request: 94122.296813 seconds.
  path: Assets/Gregor Quendel - Designed Series - Free Cinematic Sound Effects/Gregor Quendel - Designed Atmospheres - Free Sounds/Gregor Quendel - Designed Atmospheres - Harmonic - 015.wav
  artifactKey: Guid(0572e0f194335474b9b644abf7384bb0) Importer(815301076,1909f56bfc062723c751e8b465ee728b)
Start importing Assets/Gregor Quendel - Designed Series - Free Cinematic Sound Effects/Gregor Quendel - Designed Atmospheres - Free Sounds/Gregor Quendel - Designed Atmospheres - Harmonic - 015.wav using Guid(0572e0f194335474b9b644abf7384bb0) Importer(815301076,1909f56bfc062723c751e8b465ee728b)  -> (artifact id: 'da6ccd18e0811bab7ea44ed2adf6e425') in 0.181828 seconds
Number of updated asset objects reloaded before import = 0
Number of asset objects unloaded after import = 2
========================================================================
Received Import Request.
  Time since last request: 0.000041 seconds.
  path: Assets/Gregor Quendel - Designed Series - Free Cinematic Sound Effects/Gregor Quendel - Designed Atmospheres - Free Sounds/Gregor Quendel - Designed Atmospheres - Harmonic - 018.wav
  artifactKey: Guid(68833d8bc05474e1d93203dc03c95271) Importer(815301076,1909f56bfc062723c751e8b465ee728b)
Start importing Assets/Gregor Quendel - Designed Series - Free Cinematic Sound Effects/Gregor Quendel - Designed Atmospheres - Free Sounds/Gregor Quendel - Designed Atmospheres - Harmonic - 018.wav using Guid(68833d8bc05474e1d93203dc03c95271) Importer(815301076,1909f56bfc062723c751e8b465ee728b)  -> (artifact id: '998754b265e1e18bad908b60c7f04dda') in 0.023616 seconds
Number of updated asset objects reloaded before import = 0
Number of asset objects unloaded after import = 2
========================================================================
Received Import Request.
  Time since last request: 0.000081 seconds.
  path: Assets/Gregor Quendel - Designed Series - Free Cinematic Sound Effects/Gregor Quendel - Designed Atmospheres - Free Sounds/Gregor Quendel - Designed Atmospheres - Wind - 001 - II.wav
  artifactKey: Guid(2c44e3d0fcd644cdc8591e60112eb860) Importer(815301076,1909f56bfc062723c751e8b465ee728b)
Start importing Assets/Gregor Quendel - Designed Series - Free Cinematic Sound Effects/Gregor Quendel - Designed Atmospheres - Free Sounds/Gregor Quendel - Designed Atmospheres - Wind - 001 - II.wav using Guid(2c44e3d0fcd644cdc8591e60112eb860) Importer(815301076,1909f56bfc062723c751e8b465ee728b)  -> (artifact id: 'cf3bfe8027c21cab8f184f15f3270a9d') in 0.039767 seconds
Number of updated asset objects reloaded before import = 0
Number of asset objects unloaded after import = 2
========================================================================
Received Import Request.
  Time since last request: 25.574335 seconds.
  path: Assets/Gregor Quendel - Designed Series - Free Cinematic Sound Effects/Gregor Quendel - Designed Circuits - Free Sounds/Gregor Quendel - Designed Circuits - Ambience Interference 03.wav
  artifactKey: Guid(d6d17cbfbe9ad4b4aabd28f1486a5ad4) Importer(815301076,1909f56bfc062723c751e8b465ee728b)
Start importing Assets/Gregor Quendel - Designed Series - Free Cinematic Sound Effects/Gregor Quendel - Designed Circuits - Free Sounds/Gregor Quendel - Designed Circuits - Ambience Interference 03.wav using Guid(d6d17cbfbe9ad4b4aabd28f1486a5ad4) Importer(815301076,1909f56bfc062723c751e8b465ee728b)  -> (artifact id: '8b1748a008c38ca5d6e1fd1eb8e1eda9') in 0.080298 seconds
Number of updated asset objects reloaded before import = 0
Number of asset objects unloaded after import = 2
========================================================================
Received Import Request.
  Time since last request: 23.493664 seconds.
  path: Assets/Gregor Quendel - Designed Series - Free Cinematic Sound Effects/Gregor Quendel - Designed Fire - Free Sounds/Gregor Quendel - Designed Fire - Short - Swoosh Burst Sizzling 01.wav
  artifactKey: Guid(843b6d957c7904e05b141a997f4f60d3) Importer(815301076,1909f56bfc062723c751e8b465ee728b)
Start importing Assets/Gregor Quendel - Designed Series - Free Cinematic Sound Effects/Gregor Quendel - Designed Fire - Free Sounds/Gregor Quendel - Designed Fire - Short - Swoosh Burst Sizzling 01.wav using Guid(843b6d957c7904e05b141a997f4f60d3) Importer(815301076,1909f56bfc062723c751e8b465ee728b)  -> (artifact id: '559bc630d2e0fa05ece16ec5976d1afc') in 0.045299 seconds
Number of updated asset objects reloaded before import = 0
Number of asset objects unloaded after import = 2
========================================================================
Received Import Request.
  Time since last request: 0.000030 seconds.
  path: Assets/Gregor Quendel - Designed Series - Free Cinematic Sound Effects/Gregor Quendel - Designed Fire - Free Sounds/Gregor Quendel - Designed Fire - Winds - Swoosh 04.wav
  artifactKey: Guid(2fc337dc6cbcf427e88611007d9e9f21) Importer(815301076,1909f56bfc062723c751e8b465ee728b)
Start importing Assets/Gregor Quendel - Designed Series - Free Cinematic Sound Effects/Gregor Quendel - Designed Fire - Free Sounds/Gregor Quendel - Designed Fire - Winds - Swoosh 04.wav using Guid(2fc337dc6cbcf427e88611007d9e9f21) Importer(815301076,1909f56bfc062723c751e8b465ee728b)  -> (artifact id: 'eb201f717f3b052c3fad744ce6bc549f') in 0.048966 seconds
Number of updated asset objects reloaded before import = 0
Number of asset objects unloaded after import = 2
========================================================================
Received Import Request.
  Time since last request: 26.096116 seconds.
  path: Assets/Gregor Quendel - Designed Series - Free Cinematic Sound Effects/Gregor Quendel - Designed Ice - Free Sounds/Gregor Quendel - Designed Ice - Sequences 02.wav
  artifactKey: Guid(cca79881311ea4cc8ab781158c1982d2) Importer(815301076,1909f56bfc062723c751e8b465ee728b)
Start importing Assets/Gregor Quendel - Designed Series - Free Cinematic Sound Effects/Gregor Quendel - Designed Ice - Free Sounds/Gregor Quendel - Designed Ice - Sequences 02.wav using Guid(cca79881311ea4cc8ab781158c1982d2) Importer(815301076,1909f56bfc062723c751e8b465ee728b)  -> (artifact id: 'd140622b8ace04a42c0893b6234b9993') in 0.023041 seconds
Number of updated asset objects reloaded before import = 0
Number of asset objects unloaded after import = 2
========================================================================
Received Import Request.
  Time since last request: 33.885145 seconds.
  path: Assets/Gregor Quendel - Designed Series - Free Cinematic Sound Effects/Gregor Quendel - Designed Mecha - Free Sounds/Gregor Quendel - Designed Mecha - Elements - Mechanism 01.wav
  artifactKey: Guid(98b35c030dcfa46108039d1c4553a613) Importer(815301076,1909f56bfc062723c751e8b465ee728b)
Start importing Assets/Gregor Quendel - Designed Series - Free Cinematic Sound Effects/Gregor Quendel - Designed Mecha - Free Sounds/Gregor Quendel - Designed Mecha - Elements - Mechanism 01.wav using Guid(98b35c030dcfa46108039d1c4553a613) Importer(815301076,1909f56bfc062723c751e8b465ee728b)  -> (artifact id: 'f710c08b35d5006e1f5419de4c9a3167') in 0.018333 seconds
Number of updated asset objects reloaded before import = 0
Number of asset objects unloaded after import = 2
========================================================================
Received Import Request.
  Time since last request: 0.000022 seconds.
  path: Assets/Gregor Quendel - Designed Series - Free Cinematic Sound Effects/Gregor Quendel - Designed Mecha - Free Sounds/Gregor Quendel - Designed Mecha - Sequences - Mechanisms 01.wav
  artifactKey: Guid(9217aa61e0e484582aebab8aeac84ebc) Importer(815301076,1909f56bfc062723c751e8b465ee728b)
Start importing Assets/Gregor Quendel - Designed Series - Free Cinematic Sound Effects/Gregor Quendel - Designed Mecha - Free Sounds/Gregor Quendel - Designed Mecha - Sequences - Mechanisms 01.wav using Guid(9217aa61e0e484582aebab8aeac84ebc) Importer(815301076,1909f56bfc062723c751e8b465ee728b)  -> (artifact id: '0d1630451616920196d10ede2785b01d') in 0.054287 seconds
Number of updated asset objects reloaded before import = 0
Number of asset objects unloaded after import = 2
========================================================================
Received Import Request.
  Time since last request: 24.465461 seconds.
  path: Assets/Gregor Quendel - Designed Series - Free Cinematic Sound Effects/Gregor Quendel - Designed Plastic - Free Sounds/Gregor Quendel - Designed Plastic - Elements - Liquid 17.wav
  artifactKey: Guid(820457a42960c4ecaa83337648207efb) Importer(815301076,1909f56bfc062723c751e8b465ee728b)
Start importing Assets/Gregor Quendel - Designed Series - Free Cinematic Sound Effects/Gregor Quendel - Designed Plastic - Free Sounds/Gregor Quendel - Designed Plastic - Elements - Liquid 17.wav using Guid(820457a42960c4ecaa83337648207efb) Importer(815301076,1909f56bfc062723c751e8b465ee728b)  -> (artifact id: '85c8887cb6f29cf40efb6a8620e86387') in 0.059160 seconds
Number of updated asset objects reloaded before import = 0
Number of asset objects unloaded after import = 2
========================================================================
Received Import Request.
  Time since last request: 17.362536 seconds.
  path: Assets/Gregor Quendel - Designed Series - Free Cinematic Sound Effects/Gregor Quendel - Designed Rocks - Free Sounds/Gregor Quendel - Designed Rocks - Sequences 02.wav
  artifactKey: Guid(5f63b07e5de15402fbe05380ce130330) Importer(815301076,1909f56bfc062723c751e8b465ee728b)
Start importing Assets/Gregor Quendel - Designed Series - Free Cinematic Sound Effects/Gregor Quendel - Designed Rocks - Free Sounds/Gregor Quendel - Designed Rocks - Sequences 02.wav using Guid(5f63b07e5de15402fbe05380ce130330) Importer(815301076,1909f56bfc062723c751e8b465ee728b)  -> (artifact id: '29ded69bfe4b87ed526589fc8bf5125b') in 0.062323 seconds
Number of updated asset objects reloaded before import = 0
Number of asset objects unloaded after import = 2
========================================================================
Received Import Request.
  Time since last request: 15.421810 seconds.
  path: Assets/Gregor Quendel - Designed Series - Free Cinematic Sound Effects/Gregor Quendel - Designed Sci-Fi - Free Sounds/01_Textures/Gregor Quendel - Designed Sci-Fi - Bowl_Cybin_02.wav
  artifactKey: Guid(f70018a6e89c64fba927313b98f50e38) Importer(815301076,1909f56bfc062723c751e8b465ee728b)
Start importing Assets/Gregor Quendel - Designed Series - Free Cinematic Sound Effects/Gregor Quendel - Designed Sci-Fi - Free Sounds/01_Textures/Gregor Quendel - Designed Sci-Fi - Bowl_Cybin_02.wav using Guid(f70018a6e89c64fba927313b98f50e38) Importer(815301076,1909f56bfc062723c751e8b465ee728b)  -> (artifact id: '5c701b8b98282cc78be4692753774faa') in 0.029039 seconds
Number of updated asset objects reloaded before import = 0
Number of asset objects unloaded after import = 2
========================================================================
Received Import Request.
  Time since last request: 0.000043 seconds.
  path: Assets/Gregor Quendel - Designed Series - Free Cinematic Sound Effects/Gregor Quendel - Designed Sci-Fi - Free Sounds/01_Textures/Gregor Quendel - Designed Sci-Fi - MusicOfTheSpheres_PrettyScape.wav
  artifactKey: Guid(5c2449d75faf742a0b74a3adc73a347b) Importer(815301076,1909f56bfc062723c751e8b465ee728b)
Start importing Assets/Gregor Quendel - Designed Series - Free Cinematic Sound Effects/Gregor Quendel - Designed Sci-Fi - Free Sounds/01_Textures/Gregor Quendel - Designed Sci-Fi - MusicOfTheSpheres_PrettyScape.wav using Guid(5c2449d75faf742a0b74a3adc73a347b) Importer(815301076,1909f56bfc062723c751e8b465ee728b)  -> (artifact id: '95d46c40af99aa4d577fff95566dcf95') in 0.070078 seconds
Number of updated asset objects reloaded before import = 0
Number of asset objects unloaded after import = 2
========================================================================
Received Import Request.
  Time since last request: 28.065048 seconds.
  path: Assets/Gregor Quendel - Designed Series - Free Cinematic Sound Effects/Gregor Quendel - Designed Sci-Fi - Free Sounds/02_Effects/Gregor Quendel - Designed Sci-Fi - Noids_Korvax_01.wav
  artifactKey: Guid(8d2b9eab35fa74670b60e61fc516ca6e) Importer(815301076,1909f56bfc062723c751e8b465ee728b)
Start importing Assets/Gregor Quendel - Designed Series - Free Cinematic Sound Effects/Gregor Quendel - Designed Sci-Fi - Free Sounds/02_Effects/Gregor Quendel - Designed Sci-Fi - Noids_Korvax_01.wav using Guid(8d2b9eab35fa74670b60e61fc516ca6e) Importer(815301076,1909f56bfc062723c751e8b465ee728b)  -> (artifact id: '509cfa6654833cb6d2272849a85b98ac') in 0.059562 seconds
Number of updated asset objects reloaded before import = 0
Number of asset objects unloaded after import = 2
Editor requested this worker to shutdown with reason: Scaling down because of idle timeout
TcpMessagingSession - receive error: operation aborted. errorcode: 995, details: The I/O operation has been aborted because of either a thread exit or an application request.
AssetImportWorker is now disconnected from the server
Process exiting
Exiting without the bug reporter. Application will terminate with return code 0